{"C:\\Users\\LENOVO\\Desktop\\UdeA\\Calidad de software\\Frontend Telconova\\src\\services\\ApiAuthService.ts": {"path":"C:\\Users\\LENOVO\\Desktop\\UdeA\\Calidad de software\\Frontend Telconova\\src\\services\\ApiAuthService.ts","statementMap":{"0":{"start":{"line":8,"column":4},"end":{"line":25,"column":null}},"1":{"start":{"line":9,"column":23},"end":{"line":13,"column":null}},"2":{"start":{"line":15,"column":19},"end":{"line":15,"column":null}},"3":{"start":{"line":16,"column":6},"end":{"line":18,"column":null}},"4":{"start":{"line":17,"column":8},"end":{"line":17,"column":null}},"5":{"start":{"line":20,"column":6},"end":{"line":20,"column":null}},"6":{"start":{"line":21,"column":6},"end":{"line":21,"column":null}},"7":{"start":{"line":22,"column":6},"end":{"line":22,"column":null}},"8":{"start":{"line":24,"column":6},"end":{"line":24,"column":null}},"9":{"start":{"line":4,"column":7},"end":{"line":5,"column":null}}},"fnMap":{"0":{"name":"(anonymous_0)","decl":{"start":{"line":7,"column":8},"end":{"line":7,"column":14}},"loc":{"start":{"line":7,"column":47},"end":{"line":26,"column":null}},"line":7}},"branchMap":{"0":{"loc":{"start":{"line":16,"column":6},"end":{"line":18,"column":null}},"type":"if","locations":[{"start":{"line":16,"column":6},"end":{"line":18,"column":null}},{"start":{},"end":{}}],"line":16},"1":{"loc":{"start":{"line":17,"column":42},"end":{"line":17,"column":89}},"type":"binary-expr","locations":[{"start":{"line":17,"column":42},"end":{"line":17,"column":54}},{"start":{"line":17,"column":58},"end":{"line":17,"column":89}}],"line":17}},"s":{"0":4,"1":4,"2":3,"3":3,"4":2,"5":1,"6":1,"7":1,"8":1,"9":4},"f":{"0":4},"b":{"0":[2,1],"1":[2,1]},"meta":{"lastBranch":2,"lastFunction":1,"lastStatement":10,"seen":{"f:7:8:7:14":0,"s:8:4:25:Infinity":0,"s:9:23:13:Infinity":1,"s:15:19:15:Infinity":2,"b:16:6:18:Infinity:undefined:undefined:undefined:undefined":0,"s:16:6:18:Infinity":3,"s:17:8:17:Infinity":4,"b:17:42:17:54:17:58:17:89":1,"s:20:6:20:Infinity":5,"s:21:6:21:Infinity":6,"s:22:6:22:Infinity":7,"s:24:6:24:Infinity":8,"s:4:7:5:Infinity":9}}}
,"C:\\Users\\LENOVO\\Desktop\\UdeA\\Calidad de software\\Frontend Telconova\\src\\services\\AuthService.ts": {"path":"C:\\Users\\LENOVO\\Desktop\\UdeA\\Calidad de software\\Frontend Telconova\\src\\services\\AuthService.ts","statementMap":{},"fnMap":{},"branchMap":{},"s":{},"f":{},"b":{},"meta":{"lastBranch":0,"lastFunction":0,"lastStatement":0,"seen":{}}}
,"C:\\Users\\LENOVO\\Desktop\\UdeA\\Calidad de software\\Frontend Telconova\\src\\utils\\validators.ts": {"path":"C:\\Users\\LENOVO\\Desktop\\UdeA\\Calidad de software\\Frontend Telconova\\src\\utils\\validators.ts","statementMap":{"0":{"start":{"line":4,"column":21},"end":{"line":4,"column":null}},"1":{"start":{"line":5,"column":2},"end":{"line":5,"column":null}},"2":{"start":{"line":9,"column":21},"end":{"line":9,"column":null}},"3":{"start":{"line":10,"column":2},"end":{"line":10,"column":null}},"4":{"start":{"line":14,"column":18},"end":{"line":14,"column":null}},"5":{"start":{"line":15,"column":2},"end":{"line":15,"column":null}},"6":{"start":{"line":19,"column":2},"end":{"line":19,"column":null}},"7":{"start":{"line":23,"column":2},"end":{"line":23,"column":null}},"8":{"start":{"line":27,"column":29},"end":{"line":27,"column":null}},"9":{"start":{"line":29,"column":2},"end":{"line":33,"column":null}},"10":{"start":{"line":30,"column":4},"end":{"line":30,"column":null}},"11":{"start":{"line":31,"column":9},"end":{"line":33,"column":null}},"12":{"start":{"line":32,"column":4},"end":{"line":32,"column":null}},"13":{"start":{"line":35,"column":2},"end":{"line":37,"column":null}},"14":{"start":{"line":36,"column":4},"end":{"line":36,"column":null}},"15":{"start":{"line":39,"column":2},"end":{"line":42,"column":null}},"16":{"start":{"line":46,"column":29},"end":{"line":46,"column":null}},"17":{"start":{"line":48,"column":2},"end":{"line":48,"column":null}},"18":{"start":{"line":48,"column":33},"end":{"line":48,"column":null}},"19":{"start":{"line":49,"column":2},"end":{"line":50,"column":null}},"20":{"start":{"line":49,"column":38},"end":{"line":49,"column":null}},"21":{"start":{"line":50,"column":7},"end":{"line":50,"column":null}},"22":{"start":{"line":50,"column":40},"end":{"line":50,"column":null}},"23":{"start":{"line":52,"column":2},"end":{"line":53,"column":null}},"24":{"start":{"line":52,"column":32},"end":{"line":52,"column":null}},"25":{"start":{"line":53,"column":7},"end":{"line":53,"column":null}},"26":{"start":{"line":53,"column":34},"end":{"line":53,"column":null}},"27":{"start":{"line":55,"column":2},"end":{"line":56,"column":null}},"28":{"start":{"line":55,"column":35},"end":{"line":55,"column":null}},"29":{"start":{"line":56,"column":7},"end":{"line":56,"column":null}},"30":{"start":{"line":56,"column":40},"end":{"line":56,"column":null}},"31":{"start":{"line":58,"column":2},"end":{"line":58,"column":null}},"32":{"start":{"line":62,"column":29},"end":{"line":62,"column":null}},"33":{"start":{"line":64,"column":2},"end":{"line":66,"column":null}},"34":{"start":{"line":65,"column":4},"end":{"line":65,"column":null}},"35":{"start":{"line":68,"column":2},"end":{"line":72,"column":null}},"36":{"start":{"line":69,"column":4},"end":{"line":69,"column":null}},"37":{"start":{"line":70,"column":9},"end":{"line":72,"column":null}},"38":{"start":{"line":71,"column":4},"end":{"line":71,"column":null}},"39":{"start":{"line":74,"column":2},"end":{"line":78,"column":null}},"40":{"start":{"line":75,"column":4},"end":{"line":75,"column":null}},"41":{"start":{"line":76,"column":9},"end":{"line":78,"column":null}},"42":{"start":{"line":77,"column":4},"end":{"line":77,"column":null}},"43":{"start":{"line":80,"column":2},"end":{"line":82,"column":null}},"44":{"start":{"line":81,"column":4},"end":{"line":81,"column":null}},"45":{"start":{"line":84,"column":2},"end":{"line":87,"column":null}},"46":{"start":{"line":96,"column":29},"end":{"line":96,"column":null}},"47":{"start":{"line":98,"column":2},"end":{"line":100,"column":null}},"48":{"start":{"line":99,"column":4},"end":{"line":99,"column":null}},"49":{"start":{"line":102,"column":2},"end":{"line":104,"column":null}},"50":{"start":{"line":103,"column":4},"end":{"line":103,"column":null}},"51":{"start":{"line":106,"column":2},"end":{"line":108,"column":null}},"52":{"start":{"line":107,"column":4},"end":{"line":107,"column":null}},"53":{"start":{"line":110,"column":2},"end":{"line":112,"column":null}},"54":{"start":{"line":111,"column":4},"end":{"line":111,"column":null}},"55":{"start":{"line":114,"column":2},"end":{"line":117,"column":null}}},"fnMap":{"0":{"name":"validateEmail","decl":{"start":{"line":3,"column":16},"end":{"line":3,"column":30}},"loc":{"start":{"line":3,"column":43},"end":{"line":6,"column":null}},"line":3},"1":{"name":"validatePhone","decl":{"start":{"line":8,"column":16},"end":{"line":8,"column":30}},"loc":{"start":{"line":8,"column":43},"end":{"line":11,"column":null}},"line":8},"2":{"name":"validateIdentification","decl":{"start":{"line":13,"column":16},"end":{"line":13,"column":39}},"loc":{"start":{"line":13,"column":61},"end":{"line":16,"column":null}},"line":13},"3":{"name":"validatePassword","decl":{"start":{"line":18,"column":16},"end":{"line":18,"column":33}},"loc":{"start":{"line":18,"column":49},"end":{"line":20,"column":null}},"line":18},"4":{"name":"validateRequired","decl":{"start":{"line":22,"column":16},"end":{"line":22,"column":33}},"loc":{"start":{"line":22,"column":46},"end":{"line":24,"column":null}},"line":22},"5":{"name":"validateLoginForm","decl":{"start":{"line":26,"column":16},"end":{"line":26,"column":34}},"loc":{"start":{"line":26,"column":65},"end":{"line":43,"column":null}},"line":26},"6":{"name":"validateRegisterForm","decl":{"start":{"line":45,"column":16},"end":{"line":45,"column":37}},"loc":{"start":{"line":45,"column":124},"end":{"line":59,"column":null}},"line":45},"7":{"name":"validateClientForm","decl":{"start":{"line":61,"column":16},"end":{"line":61,"column":35}},"loc":{"start":{"line":61,"column":103},"end":{"line":88,"column":null}},"line":61},"8":{"name":"validateWorkOrderForm","decl":{"start":{"line":90,"column":16},"end":{"line":90,"column":null}},"loc":{"start":{"line":94,"column":21},"end":{"line":118,"column":null}},"line":94}},"branchMap":{"0":{"loc":{"start":{"line":15,"column":9},"end":{"line":15,"column":null}},"type":"binary-expr","locations":[{"start":{"line":15,"column":9},"end":{"line":15,"column":41}},{"start":{"line":15,"column":41},"end":{"line":15,"column":null}}],"line":15},"1":{"loc":{"start":{"line":29,"column":2},"end":{"line":33,"column":null}},"type":"if","locations":[{"start":{"line":29,"column":2},"end":{"line":33,"column":null}},{"start":{"line":31,"column":9},"end":{"line":33,"column":null}}],"line":29},"2":{"loc":{"start":{"line":31,"column":9},"end":{"line":33,"column":null}},"type":"if","locations":[{"start":{"line":31,"column":9},"end":{"line":33,"column":null}},{"start":{},"end":{}}],"line":31},"3":{"loc":{"start":{"line":35,"column":2},"end":{"line":37,"column":null}},"type":"if","locations":[{"start":{"line":35,"column":2},"end":{"line":37,"column":null}},{"start":{},"end":{}}],"line":35},"4":{"loc":{"start":{"line":48,"column":2},"end":{"line":48,"column":null}},"type":"if","locations":[{"start":{"line":48,"column":2},"end":{"line":48,"column":null}},{"start":{},"end":{}}],"line":48},"5":{"loc":{"start":{"line":49,"column":2},"end":{"line":50,"column":null}},"type":"if","locations":[{"start":{"line":49,"column":2},"end":{"line":50,"column":null}},{"start":{"line":50,"column":7},"end":{"line":50,"column":null}}],"line":49},"6":{"loc":{"start":{"line":50,"column":7},"end":{"line":50,"column":null}},"type":"if","locations":[{"start":{"line":50,"column":7},"end":{"line":50,"column":null}},{"start":{},"end":{}}],"line":50},"7":{"loc":{"start":{"line":52,"column":2},"end":{"line":53,"column":null}},"type":"if","locations":[{"start":{"line":52,"column":2},"end":{"line":53,"column":null}},{"start":{"line":53,"column":7},"end":{"line":53,"column":null}}],"line":52},"8":{"loc":{"start":{"line":53,"column":7},"end":{"line":53,"column":null}},"type":"if","locations":[{"start":{"line":53,"column":7},"end":{"line":53,"column":null}},{"start":{},"end":{}}],"line":53},"9":{"loc":{"start":{"line":55,"column":2},"end":{"line":56,"column":null}},"type":"if","locations":[{"start":{"line":55,"column":2},"end":{"line":56,"column":null}},{"start":{"line":56,"column":7},"end":{"line":56,"column":null}}],"line":55},"10":{"loc":{"start":{"line":56,"column":7},"end":{"line":56,"column":null}},"type":"if","locations":[{"start":{"line":56,"column":7},"end":{"line":56,"column":null}},{"start":{},"end":{}}],"line":56},"11":{"loc":{"start":{"line":64,"column":2},"end":{"line":66,"column":null}},"type":"if","locations":[{"start":{"line":64,"column":2},"end":{"line":66,"column":null}},{"start":{},"end":{}}],"line":64},"12":{"loc":{"start":{"line":68,"column":2},"end":{"line":72,"column":null}},"type":"if","locations":[{"start":{"line":68,"column":2},"end":{"line":72,"column":null}},{"start":{"line":70,"column":9},"end":{"line":72,"column":null}}],"line":68},"13":{"loc":{"start":{"line":70,"column":9},"end":{"line":72,"column":null}},"type":"if","locations":[{"start":{"line":70,"column":9},"end":{"line":72,"column":null}},{"start":{},"end":{}}],"line":70},"14":{"loc":{"start":{"line":74,"column":2},"end":{"line":78,"column":null}},"type":"if","locations":[{"start":{"line":74,"column":2},"end":{"line":78,"column":null}},{"start":{"line":76,"column":9},"end":{"line":78,"column":null}}],"line":74},"15":{"loc":{"start":{"line":76,"column":9},"end":{"line":78,"column":null}},"type":"if","locations":[{"start":{"line":76,"column":9},"end":{"line":78,"column":null}},{"start":{},"end":{}}],"line":76},"16":{"loc":{"start":{"line":80,"column":2},"end":{"line":82,"column":null}},"type":"if","locations":[{"start":{"line":80,"column":2},"end":{"line":82,"column":null}},{"start":{},"end":{}}],"line":80},"17":{"loc":{"start":{"line":98,"column":2},"end":{"line":100,"column":null}},"type":"if","locations":[{"start":{"line":98,"column":2},"end":{"line":100,"column":null}},{"start":{},"end":{}}],"line":98},"18":{"loc":{"start":{"line":102,"column":2},"end":{"line":104,"column":null}},"type":"if","locations":[{"start":{"line":102,"column":2},"end":{"line":104,"column":null}},{"start":{},"end":{}}],"line":102},"19":{"loc":{"start":{"line":106,"column":2},"end":{"line":108,"column":null}},"type":"if","locations":[{"start":{"line":106,"column":2},"end":{"line":108,"column":null}},{"start":{},"end":{}}],"line":106},"20":{"loc":{"start":{"line":110,"column":2},"end":{"line":112,"column":null}},"type":"if","locations":[{"start":{"line":110,"column":2},"end":{"line":112,"column":null}},{"start":{},"end":{}}],"line":110}},"s":{"0":21,"1":21,"2":26,"3":26,"4":18,"5":18,"6":15,"7":99,"8":6,"9":6,"10":3,"11":3,"12":1,"13":6,"14":3,"15":6,"16":6,"17":6,"18":2,"19":6,"20":2,"21":4,"22":0,"23":6,"24":1,"25":5,"26":1,"27":6,"28":1,"29":5,"30":1,"31":6,"32":8,"33":8,"34":1,"35":8,"36":1,"37":7,"38":2,"39":8,"40":1,"41":7,"42":1,"43":8,"44":1,"45":8,"46":6,"47":6,"48":2,"49":6,"50":2,"51":6,"52":2,"53":6,"54":2,"55":6},"f":{"0":21,"1":26,"2":18,"3":15,"4":99,"5":6,"6":6,"7":8,"8":6},"b":{"0":[18,13],"1":[3,3],"2":[1,2],"3":[3,3],"4":[2,4],"5":[2,4],"6":[0,4],"7":[1,5],"8":[1,4],"9":[1,5],"10":[1,4],"11":[1,7],"12":[1,7],"13":[2,5],"14":[1,7],"15":[1,6],"16":[1,7],"17":[2,4],"18":[2,4],"19":[2,4],"20":[2,4]},"meta":{"lastBranch":21,"lastFunction":9,"lastStatement":56,"seen":{"f:3:16:3:30":0,"s:4:21:4:Infinity":0,"s:5:2:5:Infinity":1,"f:8:16:8:30":1,"s:9:21:9:Infinity":2,"s:10:2:10:Infinity":3,"f:13:16:13:39":2,"s:14:18:14:Infinity":4,"s:15:2:15:Infinity":5,"b:15:9:15:41:15:41:15:Infinity":0,"f:18:16:18:33":3,"s:19:2:19:Infinity":6,"f:22:16:22:33":4,"s:23:2:23:Infinity":7,"f:26:16:26:34":5,"s:27:29:27:Infinity":8,"b:29:2:33:Infinity:31:9:33:Infinity":1,"s:29:2:33:Infinity":9,"s:30:4:30:Infinity":10,"b:31:9:33:Infinity:undefined:undefined:undefined:undefined":2,"s:31:9:33:Infinity":11,"s:32:4:32:Infinity":12,"b:35:2:37:Infinity:undefined:undefined:undefined:undefined":3,"s:35:2:37:Infinity":13,"s:36:4:36:Infinity":14,"s:39:2:42:Infinity":15,"f:45:16:45:37":6,"s:46:29:46:Infinity":16,"b:48:2:48:Infinity:undefined:undefined:undefined:undefined":4,"s:48:2:48:Infinity":17,"s:48:33:48:Infinity":18,"b:49:2:50:Infinity:50:7:50:Infinity":5,"s:49:2:50:Infinity":19,"s:49:38:49:Infinity":20,"b:50:7:50:Infinity:undefined:undefined:undefined:undefined":6,"s:50:7:50:Infinity":21,"s:50:40:50:Infinity":22,"b:52:2:53:Infinity:53:7:53:Infinity":7,"s:52:2:53:Infinity":23,"s:52:32:52:Infinity":24,"b:53:7:53:Infinity:undefined:undefined:undefined:undefined":8,"s:53:7:53:Infinity":25,"s:53:34:53:Infinity":26,"b:55:2:56:Infinity:56:7:56:Infinity":9,"s:55:2:56:Infinity":27,"s:55:35:55:Infinity":28,"b:56:7:56:Infinity:undefined:undefined:undefined:undefined":10,"s:56:7:56:Infinity":29,"s:56:40:56:Infinity":30,"s:58:2:58:Infinity":31,"f:61:16:61:35":7,"s:62:29:62:Infinity":32,"b:64:2:66:Infinity:undefined:undefined:undefined:undefined":11,"s:64:2:66:Infinity":33,"s:65:4:65:Infinity":34,"b:68:2:72:Infinity:70:9:72:Infinity":12,"s:68:2:72:Infinity":35,"s:69:4:69:Infinity":36,"b:70:9:72:Infinity:undefined:undefined:undefined:undefined":13,"s:70:9:72:Infinity":37,"s:71:4:71:Infinity":38,"b:74:2:78:Infinity:76:9:78:Infinity":14,"s:74:2:78:Infinity":39,"s:75:4:75:Infinity":40,"b:76:9:78:Infinity:undefined:undefined:undefined:undefined":15,"s:76:9:78:Infinity":41,"s:77:4:77:Infinity":42,"b:80:2:82:Infinity:undefined:undefined:undefined:undefined":16,"s:80:2:82:Infinity":43,"s:81:4:81:Infinity":44,"s:84:2:87:Infinity":45,"f:90:16:90:Infinity":8,"s:96:29:96:Infinity":46,"b:98:2:100:Infinity:undefined:undefined:undefined:undefined":17,"s:98:2:100:Infinity":47,"s:99:4:99:Infinity":48,"b:102:2:104:Infinity:undefined:undefined:undefined:undefined":18,"s:102:2:104:Infinity":49,"s:103:4:103:Infinity":50,"b:106:2:108:Infinity:undefined:undefined:undefined:undefined":19,"s:106:2:108:Infinity":51,"s:107:4:107:Infinity":52,"b:110:2:112:Infinity:undefined:undefined:undefined:undefined":20,"s:110:2:112:Infinity":53,"s:111:4:111:Infinity":54,"s:114:2:117:Infinity":55}}}
}
