TN:
SF:src\services\ApiAuthService.ts
FN:7,(anonymous_0)
FNF:1
FNH:1
FNDA:4,(anonymous_0)
DA:4,4
DA:8,4
DA:9,4
DA:15,3
DA:16,3
DA:17,2
DA:20,1
DA:21,1
DA:22,1
DA:24,1
LF:10
LH:10
BRDA:16,0,0,2
BRDA:16,0,1,1
BRDA:17,1,0,2
BRDA:17,1,1,1
BRF:4
BRH:4
end_of_record
TN:
SF:src\services\AuthService.ts
FNF:0
FNH:0
LF:0
LH:0
BRF:0
BRH:0
end_of_record
TN:
SF:src\utils\validators.ts
FN:3,validateEmail
FN:8,validatePhone
FN:13,validateIdentification
FN:18,validatePassword
FN:22,validateRequired
FN:26,validateLoginForm
FN:45,validateRegisterForm
FN:61,validateClientForm
FN:90,validateWorkOrderForm
FNF:9
FNH:9
FNDA:21,validateEmail
FNDA:26,validatePhone
FNDA:18,validateIdentification
FNDA:15,validatePassword
FNDA:99,validateRequired
FNDA:6,validateLoginForm
FNDA:6,validateRegisterForm
FNDA:8,validateClientForm
FNDA:6,validateWorkOrderForm
DA:4,21
DA:5,21
DA:9,26
DA:10,26
DA:14,18
DA:15,18
DA:19,15
DA:23,99
DA:27,6
DA:29,6
DA:30,3
DA:31,3
DA:32,1
DA:35,6
DA:36,3
DA:39,6
DA:46,6
DA:48,6
DA:49,6
DA:50,4
DA:52,6
DA:53,5
DA:55,6
DA:56,5
DA:58,6
DA:62,8
DA:64,8
DA:65,1
DA:68,8
DA:69,1
DA:70,7
DA:71,2
DA:74,8
DA:75,1
DA:76,7
DA:77,1
DA:80,8
DA:81,1
DA:84,8
DA:96,6
DA:98,6
DA:99,2
DA:102,6
DA:103,2
DA:106,6
DA:107,2
DA:110,6
DA:111,2
DA:114,6
LF:49
LH:49
BRDA:15,0,0,18
BRDA:15,0,1,13
BRDA:29,1,0,3
BRDA:29,1,1,3
BRDA:31,2,0,1
BRDA:31,2,1,2
BRDA:35,3,0,3
BRDA:35,3,1,3
BRDA:48,4,0,2
BRDA:48,4,1,4
BRDA:49,5,0,2
BRDA:49,5,1,4
BRDA:50,6,0,0
BRDA:50,6,1,4
BRDA:52,7,0,1
BRDA:52,7,1,5
BRDA:53,8,0,1
BRDA:53,8,1,4
BRDA:55,9,0,1
BRDA:55,9,1,5
BRDA:56,10,0,1
BRDA:56,10,1,4
BRDA:64,11,0,1
BRDA:64,11,1,7
BRDA:68,12,0,1
BRDA:68,12,1,7
BRDA:70,13,0,2
BRDA:70,13,1,5
BRDA:74,14,0,1
BRDA:74,14,1,7
BRDA:76,15,0,1
BRDA:76,15,1,6
BRDA:80,16,0,1
BRDA:80,16,1,7
BRDA:98,17,0,2
BRDA:98,17,1,4
BRDA:102,18,0,2
BRDA:102,18,1,4
BRDA:106,19,0,2
BRDA:106,19,1,4
BRDA:110,20,0,2
BRDA:110,20,1,4
BRF:42
BRH:41
end_of_record
